<?xml version="1.0" encoding="UTF-8" ?>
<testsuite tests="8" failures="0" name="com.daitou.o2o.dao.areaDaoTest" time="0.927" errors="0" skipped="0">
  <properties>
[...]
</properties>
  <testcase classname="com.daitou.o2o.dao.areaDaoTest" name="testAddShop" time="0.856"/>
  <testcase classname="com.daitou.o2o.dao.areaDaoTest" name="testUpdateShop" time="0.01"/>
  <testcase classname="com.daitou.o2o.dao.areaDaoTest" name="test" time="0.028"/>
  <testcase classname="com.daitou.o2o.dao.areaDaoTest" name="test2" time="0.003"/>
  <testcase classname="com.daitou.o2o.dao.areaDaoTest" name="test3" time="0.014"/>
  <testcase classname="com.daitou.o2o.dao.areaDaoTest" name="test5" time="0"/>
  <testcase classname="com.daitou.o2o.dao.areaDaoTest" name="test6" time="0.014"/>
  <testcase classname="com.daitou.o2o.dao.areaDaoTest" name="test7" time="0.002"/>
</testsuite>